<?xml version="1.0" encoding="UTF-8" standalone="no"?>
<testsuite errors="0" failures="2" name="io.cucumber.core.plugin.JUnitFormatter" skipped="0" tests="2" time="11.854">
    <testcase classname="Autozone searchBox test" name="Search with valid product name" time="6.128">
        <failure message="" type="java.lang.IllegalMonitorStateException">
            <![CDATA[Given I am at Autozone homepage.............................................passed
And I type valid product name in SearchBox..................................failed
When I press Enter button on keyboard.......................................skipped
Then I am navigated to Search result page...................................skipped

StackTrace:
java.lang.IllegalMonitorStateException
	at java.base/java.lang.Object.wait(Native Method)
	at homepage.Homepage.typeInSearchbox(Homepage.java:40)
	at stepdefinitions.SearchBoxStepDefinition.i_type_valid_product_name_in_search_box(SearchBoxStepDefinition.java:68)
	at ✽.I type valid product name in SearchBox(file:///Users/mamunkhan/IdeaProjects/BDDAutomaitonFramework_Team3/Autozone/src/test/java/features/searchbox.feature:5)
]]>
        </failure>
    </testcase>
    <testcase classname="Autozone searchBox test" name="Search with Invalid product name" time="5.52">
        <failure message="" type="java.lang.IllegalMonitorStateException">
            <![CDATA[Given I am at Autozone homepage.............................................passed
And I type valid product name in SearchBox..................................failed
When I press Enter button on keyboard.......................................skipped
Then I am navigated to Search result page...................................skipped

StackTrace:
java.lang.IllegalMonitorStateException
	at java.base/java.lang.Object.wait(Native Method)
	at homepage.Homepage.typeInSearchbox(Homepage.java:40)
	at stepdefinitions.SearchBoxStepDefinition.i_type_valid_product_name_in_search_box(SearchBoxStepDefinition.java:68)
	at ✽.I type valid product name in SearchBox(file:///Users/mamunkhan/IdeaProjects/BDDAutomaitonFramework_Team3/Autozone/src/test/java/features/searchbox.feature:12)
]]>
        </failure>
    </testcase>
</testsuite>
