[
  {
    "line": 1,
    "elements": [
      {
        "start_timestamp": "2021-03-31T00:35:37.099Z",
        "line": 3,
        "name": "Search with valid product name",
        "description": "",
        "id": "autozone-searchbox-test;search-with-valid-product-name",
        "after": [
          {
            "result": {
              "error_message": "java.lang.NullPointerException\r\n\tat common.WebAPI.cleanUp(WebAPI.java:209)\r\n\tat stepdefinitions.SearchBoxStepDefinition.closeBrowser(SearchBoxStepDefinition.java:39)\r\n",
              "duration": 999600,
              "status": "failed"
            },
            "match": {
              "location": "stepdefinitions.SearchBoxStepDefinition.closeBrowser()"
            }
          }
        ],
        "type": "scenario",
        "keyword": "Scenario",
        "steps": [
          {
            "result": {
              "error_message": "org.openqa.selenium.WebDriverException: Timed out waiting for driver server to start.\nBuild info: version: \u00273.141.59\u0027, revision: \u0027e82be7d358\u0027, time: \u00272018-11-14T08:17:03\u0027\nSystem info: host: \u0027TRAX\u0027, ip: \u0027192.168.86.45\u0027, os.name: \u0027Windows 10\u0027, os.arch: \u0027amd64\u0027, os.version: \u002710.0\u0027, java.version: \u002711.0.8\u0027\nDriver info: driver.version: ChromeDriver\r\n\tat org.openqa.selenium.remote.service.DriverService.waitUntilAvailable(DriverService.java:202)\r\n\tat org.openqa.selenium.remote.service.DriverService.start(DriverService.java:188)\r\n\tat org.openqa.selenium.remote.service.DriverCommandExecutor.execute(DriverCommandExecutor.java:79)\r\n\tat org.openqa.selenium.remote.RemoteWebDriver.execute(RemoteWebDriver.java:552)\r\n\tat org.openqa.selenium.remote.RemoteWebDriver.startSession(RemoteWebDriver.java:213)\r\n\tat org.openqa.selenium.remote.RemoteWebDriver.\u003cinit\u003e(RemoteWebDriver.java:131)\r\n\tat org.openqa.selenium.chrome.ChromeDriver.\u003cinit\u003e(ChromeDriver.java:181)\r\n\tat org.openqa.selenium.chrome.ChromeDriver.\u003cinit\u003e(ChromeDriver.java:168)\r\n\tat org.openqa.selenium.chrome.ChromeDriver.\u003cinit\u003e(ChromeDriver.java:123)\r\n\tat common.WebAPI.getLocalDriver(WebAPI.java:159)\r\n\tat common.WebAPI.setUp(WebAPI.java:143)\r\n\tat common.WebAPI.openBrowser(WebAPI.java:128)\r\n\tat stepdefinitions.SearchBoxStepDefinition.i_am_at_autozone_homepage(SearchBoxStepDefinition.java:45)\r\n\tat ✽.I am at Autozone homepage(file:///C:/Users/ExTraxex/IdeaProjects/BDDAutomaitonFramework_Team3/Autozone/src/test/java/features/searchbox.feature:4)\r\nCaused by: org.openqa.selenium.net.UrlChecker$TimeoutException: Timed out waiting for [http://localhost:3330/status] to be available after 20013 ms\r\n\tat org.openqa.selenium.net.UrlChecker.waitUntilAvailable(UrlChecker.java:100)\r\n\tat org.openqa.selenium.remote.service.DriverService.waitUntilAvailable(DriverService.java:197)\r\n\tat org.openqa.selenium.remote.service.DriverService.start(DriverService.java:188)\r\n\tat org.openqa.selenium.remote.service.DriverCommandExecutor.execute(DriverCommandExecutor.java:79)\r\n\tat org.openqa.selenium.remote.RemoteWebDriver.execute(RemoteWebDriver.java:552)\r\n\tat org.openqa.selenium.remote.RemoteWebDriver.startSession(RemoteWebDriver.java:213)\r\n\tat org.openqa.selenium.remote.RemoteWebDriver.\u003cinit\u003e(RemoteWebDriver.java:131)\r\n\tat org.openqa.selenium.chrome.ChromeDriver.\u003cinit\u003e(ChromeDriver.java:181)\r\n\tat org.openqa.selenium.chrome.ChromeDriver.\u003cinit\u003e(ChromeDriver.java:168)\r\n\tat org.openqa.selenium.chrome.ChromeDriver.\u003cinit\u003e(ChromeDriver.java:123)\r\n\tat common.WebAPI.getLocalDriver(WebAPI.java:159)\r\n\tat common.WebAPI.setUp(WebAPI.java:143)\r\n\tat common.WebAPI.openBrowser(WebAPI.java:128)\r\n\tat stepdefinitions.SearchBoxStepDefinition.i_am_at_autozone_homepage(SearchBoxStepDefinition.java:45)\r\n\tat java.base/jdk.internal.reflect.NativeMethodAccessorImpl.invoke0(Native Method)\r\n\tat java.base/jdk.internal.reflect.NativeMethodAccessorImpl.invoke(NativeMethodAccessorImpl.java:62)\r\n\tat java.base/jdk.internal.reflect.DelegatingMethodAccessorImpl.invoke(DelegatingMethodAccessorImpl.java:43)\r\n\tat java.base/java.lang.reflect.Method.invoke(Method.java:566)\r\n\tat io.cucumber.java.Invoker.doInvoke(Invoker.java:66)\r\n\tat io.cucumber.java.Invoker.invoke(Invoker.java:24)\r\n\tat io.cucumber.java.AbstractGlueDefinition.invokeMethod(AbstractGlueDefinition.java:47)\r\n\tat io.cucumber.java.JavaStepDefinition.execute(JavaStepDefinition.java:29)\r\n\tat io.cucumber.core.runner.CoreStepDefinition.execute(CoreStepDefinition.java:66)\r\n\tat io.cucumber.core.runner.PickleStepDefinitionMatch.runStep(PickleStepDefinitionMatch.java:63)\r\n\tat io.cucumber.core.runner.ExecutionMode$1.execute(ExecutionMode.java:10)\r\n\tat io.cucumber.core.runner.TestStep.executeStep(TestStep.java:92)\r\n\tat io.cucumber.core.runner.TestStep.run(TestStep.java:64)\r\n\tat io.cucumber.core.runner.PickleStepTestStep.run(PickleStepTestStep.java:51)\r\n\tat io.cucumber.core.runner.TestCase.run(TestCase.java:104)\r\n\tat io.cucumber.core.runner.Runner.runPickle(Runner.java:73)\r\n\tat io.cucumber.junit.PickleRunners$NoStepDescriptions.run(PickleRunners.java:151)\r\n\tat io.cucumber.junit.FeatureRunner.runChild(FeatureRunner.java:135)\r\n\tat io.cucumber.junit.FeatureRunner.runChild(FeatureRunner.java:27)\r\n\tat org.junit.runners.ParentRunner$4.run(ParentRunner.java:331)\r\n\tat org.junit.runners.ParentRunner$1.schedule(ParentRunner.java:79)\r\n\tat org.junit.runners.ParentRunner.runChildren(ParentRunner.java:329)\r\n\tat org.junit.runners.ParentRunner.access$100(ParentRunner.java:66)\r\n\tat org.junit.runners.ParentRunner$2.evaluate(ParentRunner.java:293)\r\n\tat org.junit.runners.ParentRunner$3.evaluate(ParentRunner.java:306)\r\n\tat org.junit.runners.ParentRunner.run(ParentRunner.java:413)\r\n\tat io.cucumber.junit.Cucumber.runChild(Cucumber.java:200)\r\n\tat io.cucumber.junit.Cucumber.runChild(Cucumber.java:90)\r\n\tat org.junit.runners.ParentRunner$4.run(ParentRunner.java:331)\r\n\tat org.junit.runners.ParentRunner$1.schedule(ParentRunner.java:79)\r\n\tat org.junit.runners.ParentRunner.runChildren(ParentRunner.java:329)\r\n\tat org.junit.runners.ParentRunner.access$100(ParentRunner.java:66)\r\n\tat org.junit.runners.ParentRunner$2.evaluate(ParentRunner.java:293)\r\n\tat io.cucumber.junit.Cucumber$RunCucumber.evaluate(Cucumber.java:235)\r\n\tat org.junit.runners.ParentRunner$3.evaluate(ParentRunner.java:306)\r\n\tat org.junit.runners.ParentRunner.run(ParentRunner.java:413)\r\n\tat org.junit.runner.JUnitCore.run(JUnitCore.java:137)\r\n\tat org.junit.runner.JUnitCore.run(JUnitCore.java:115)\r\n\tat org.junit.vintage.engine.execution.RunnerExecutor.execute(RunnerExecutor.java:42)\r\n\tat org.junit.vintage.engine.VintageTestEngine.executeAllChildren(VintageTestEngine.java:80)\r\n\tat org.junit.vintage.engine.VintageTestEngine.execute(VintageTestEngine.java:72)\r\n\tat org.junit.platform.launcher.core.EngineExecutionOrchestrator.execute(EngineExecutionOrchestrator.java:107)\r\n\tat org.junit.platform.launcher.core.EngineExecutionOrchestrator.execute(EngineExecutionOrchestrator.java:88)\r\n\tat org.junit.platform.launcher.core.EngineExecutionOrchestrator.lambda$execute$0(EngineExecutionOrchestrator.java:54)\r\n\tat org.junit.platform.launcher.core.EngineExecutionOrchestrator.withInterceptedStreams(EngineExecutionOrchestrator.java:67)\r\n\tat org.junit.platform.launcher.core.EngineExecutionOrchestrator.execute(EngineExecutionOrchestrator.java:52)\r\n\tat org.junit.platform.launcher.core.DefaultLauncher.execute(DefaultLauncher.java:114)\r\n\tat org.junit.platform.launcher.core.DefaultLauncher.execute(DefaultLauncher.java:86)\r\n\tat org.junit.platform.launcher.core.DefaultLauncherSession$DelegatingLauncher.execute(DefaultLauncherSession.java:86)\r\n\tat org.junit.platform.launcher.core.SessionPerRequestLauncher.execute(SessionPerRequestLauncher.java:53)\r\n\tat com.intellij.junit5.JUnit5IdeaTestRunner.startRunnerWithArgs(JUnit5IdeaTestRunner.java:71)\r\n\tat com.intellij.rt.junit.IdeaTestRunner$Repeater.startRunnerWithArgs(IdeaTestRunner.java:33)\r\n\tat com.intellij.rt.junit.JUnitStarter.prepareStreamsAndStart(JUnitStarter.java:220)\r\n\tat com.intellij.rt.junit.JUnitStarter.main(JUnitStarter.java:53)\r\nCaused by: java.util.concurrent.TimeoutException\r\n\tat java.base/java.util.concurrent.FutureTask.get(FutureTask.java:204)\r\n\tat com.google.common.util.concurrent.SimpleTimeLimiter.callWithTimeout(SimpleTimeLimiter.java:156)\r\n\tat org.openqa.selenium.net.UrlChecker.waitUntilAvailable(UrlChecker.java:75)\r\n\t... 67 more\r\n",
              "duration": 20412737000,
              "status": "failed"
            },
            "before": [
              {
                "result": {
                  "duration": 21986500,
                  "status": "passed"
                },
                "match": {
                  "location": "stepdefinitions.SearchBoxStepDefinition.getInit()"
                }
              }
            ],
            "line": 4,
            "name": "I am at Autozone homepage",
            "match": {
              "location": "stepdefinitions.SearchBoxStepDefinition.i_am_at_autozone_homepage()"
            },
            "after": [
              {
                "result": {
                  "error_message": "java.lang.NullPointerException\r\n\tat stepdefinitions.SearchBoxStepDefinition.tearDown(SearchBoxStepDefinition.java:27)\r\n",
                  "duration": 2998900,
                  "status": "failed"
                },
                "match": {
                  "location": "stepdefinitions.SearchBoxStepDefinition.tearDown(io.cucumber.java.Scenario)"
                }
              }
            ],
            "keyword": "Given "
          },
          {
            "result": {
              "duration": 998900,
              "status": "skipped"
            },
            "before": [
              {
                "result": {
                  "duration": 1998900,
                  "status": "skipped"
                },
                "match": {
                  "location": "stepdefinitions.SearchBoxStepDefinition.getInit()"
                }
              }
            ],
            "line": 5,
            "name": "I type valid product name in SearchBox",
            "match": {
              "location": "stepdefinitions.SearchBoxStepDefinition.i_type_valid_product_name_in_search_box()"
            },
            "after": [
              {
                "result": {
                  "duration": 999600,
                  "status": "skipped"
                },
                "match": {
                  "location": "stepdefinitions.SearchBoxStepDefinition.tearDown(io.cucumber.java.Scenario)"
                }
              }
            ],
            "keyword": "And "
          },
          {
            "result": {
              "duration": 1998500,
              "status": "skipped"
            },
            "before": [
              {
                "result": {
                  "status": "skipped"
                },
                "match": {
                  "location": "stepdefinitions.SearchBoxStepDefinition.getInit()"
                }
              }
            ],
            "line": 6,
            "name": "I press Enter button on keyboard",
            "match": {
              "location": "stepdefinitions.SearchBoxStepDefinition.i_press_enter_button_on_keyboard()"
            },
            "after": [
              {
                "result": {
                  "duration": 999900,
                  "status": "skipped"
                },
                "match": {
                  "location": "stepdefinitions.SearchBoxStepDefinition.tearDown(io.cucumber.java.Scenario)"
                }
              }
            ],
            "keyword": "When "
          },
          {
            "result": {
              "status": "skipped"
            },
            "before": [
              {
                "result": {
                  "status": "skipped"
                },
                "match": {
                  "location": "stepdefinitions.SearchBoxStepDefinition.getInit()"
                }
              }
            ],
            "line": 7,
            "name": "I am navigated to Search result page",
            "match": {
              "location": "stepdefinitions.SearchBoxStepDefinition.i_am_navigated_to_search_result_page()"
            },
            "after": [
              {
                "result": {
                  "status": "skipped"
                },
                "match": {
                  "location": "stepdefinitions.SearchBoxStepDefinition.tearDown(io.cucumber.java.Scenario)"
                }
              }
            ],
            "keyword": "Then "
          }
        ],
        "tags": [
          {
            "name": "@smoketest"
          }
        ]
      },
      {
        "start_timestamp": "2021-03-31T00:35:57.749Z",
        "line": 10,
        "name": "Search with Invalid product name",
        "description": "",
        "id": "autozone-searchbox-test;search-with-invalid-product-name",
        "after": [
          {
            "result": {
              "error_message": "java.lang.NullPointerException\r\n\tat common.WebAPI.cleanUp(WebAPI.java:209)\r\n\tat stepdefinitions.SearchBoxStepDefinition.closeBrowser(SearchBoxStepDefinition.java:39)\r\n",
              "status": "failed"
            },
            "match": {
              "location": "stepdefinitions.SearchBoxStepDefinition.closeBrowser()"
            }
          }
        ],
        "type": "scenario",
        "keyword": "Scenario",
        "steps": [
          {
            "result": {
              "error_message": "org.openqa.selenium.WebDriverException: Timed out waiting for driver server to start.\nBuild info: version: \u00273.141.59\u0027, revision: \u0027e82be7d358\u0027, time: \u00272018-11-14T08:17:03\u0027\nSystem info: host: \u0027TRAX\u0027, ip: \u0027192.168.86.45\u0027, os.name: \u0027Windows 10\u0027, os.arch: \u0027amd64\u0027, os.version: \u002710.0\u0027, java.version: \u002711.0.8\u0027\nDriver info: driver.version: ChromeDriver\r\n\tat org.openqa.selenium.remote.service.DriverService.waitUntilAvailable(DriverService.java:202)\r\n\tat org.openqa.selenium.remote.service.DriverService.start(DriverService.java:188)\r\n\tat org.openqa.selenium.remote.service.DriverCommandExecutor.execute(DriverCommandExecutor.java:79)\r\n\tat org.openqa.selenium.remote.RemoteWebDriver.execute(RemoteWebDriver.java:552)\r\n\tat org.openqa.selenium.remote.RemoteWebDriver.startSession(RemoteWebDriver.java:213)\r\n\tat org.openqa.selenium.remote.RemoteWebDriver.\u003cinit\u003e(RemoteWebDriver.java:131)\r\n\tat org.openqa.selenium.chrome.ChromeDriver.\u003cinit\u003e(ChromeDriver.java:181)\r\n\tat org.openqa.selenium.chrome.ChromeDriver.\u003cinit\u003e(ChromeDriver.java:168)\r\n\tat org.openqa.selenium.chrome.ChromeDriver.\u003cinit\u003e(ChromeDriver.java:123)\r\n\tat common.WebAPI.getLocalDriver(WebAPI.java:159)\r\n\tat common.WebAPI.setUp(WebAPI.java:143)\r\n\tat common.WebAPI.openBrowser(WebAPI.java:128)\r\n\tat stepdefinitions.SearchBoxStepDefinition.i_am_at_autozone_homepage(SearchBoxStepDefinition.java:45)\r\n\tat ✽.I am at Autozone homepage(file:///C:/Users/ExTraxex/IdeaProjects/BDDAutomaitonFramework_Team3/Autozone/src/test/java/features/searchbox.feature:11)\r\nCaused by: org.openqa.selenium.net.UrlChecker$TimeoutException: Timed out waiting for [http://localhost:10019/status] to be available after 20004 ms\r\n\tat org.openqa.selenium.net.UrlChecker.waitUntilAvailable(UrlChecker.java:100)\r\n\tat org.openqa.selenium.remote.service.DriverService.waitUntilAvailable(DriverService.java:197)\r\n\tat org.openqa.selenium.remote.service.DriverService.start(DriverService.java:188)\r\n\tat org.openqa.selenium.remote.service.DriverCommandExecutor.execute(DriverCommandExecutor.java:79)\r\n\tat org.openqa.selenium.remote.RemoteWebDriver.execute(RemoteWebDriver.java:552)\r\n\tat org.openqa.selenium.remote.RemoteWebDriver.startSession(RemoteWebDriver.java:213)\r\n\tat org.openqa.selenium.remote.RemoteWebDriver.\u003cinit\u003e(RemoteWebDriver.java:131)\r\n\tat org.openqa.selenium.chrome.ChromeDriver.\u003cinit\u003e(ChromeDriver.java:181)\r\n\tat org.openqa.selenium.chrome.ChromeDriver.\u003cinit\u003e(ChromeDriver.java:168)\r\n\tat org.openqa.selenium.chrome.ChromeDriver.\u003cinit\u003e(ChromeDriver.java:123)\r\n\tat common.WebAPI.getLocalDriver(WebAPI.java:159)\r\n\tat common.WebAPI.setUp(WebAPI.java:143)\r\n\tat common.WebAPI.openBrowser(WebAPI.java:128)\r\n\tat stepdefinitions.SearchBoxStepDefinition.i_am_at_autozone_homepage(SearchBoxStepDefinition.java:45)\r\n\tat java.base/jdk.internal.reflect.NativeMethodAccessorImpl.invoke0(Native Method)\r\n\tat java.base/jdk.internal.reflect.NativeMethodAccessorImpl.invoke(NativeMethodAccessorImpl.java:62)\r\n\tat java.base/jdk.internal.reflect.DelegatingMethodAccessorImpl.invoke(DelegatingMethodAccessorImpl.java:43)\r\n\tat java.base/java.lang.reflect.Method.invoke(Method.java:566)\r\n\tat io.cucumber.java.Invoker.doInvoke(Invoker.java:66)\r\n\tat io.cucumber.java.Invoker.invoke(Invoker.java:24)\r\n\tat io.cucumber.java.AbstractGlueDefinition.invokeMethod(AbstractGlueDefinition.java:47)\r\n\tat io.cucumber.java.JavaStepDefinition.execute(JavaStepDefinition.java:29)\r\n\tat io.cucumber.core.runner.CoreStepDefinition.execute(CoreStepDefinition.java:66)\r\n\tat io.cucumber.core.runner.PickleStepDefinitionMatch.runStep(PickleStepDefinitionMatch.java:63)\r\n\tat io.cucumber.core.runner.ExecutionMode$1.execute(ExecutionMode.java:10)\r\n\tat io.cucumber.core.runner.TestStep.executeStep(TestStep.java:92)\r\n\tat io.cucumber.core.runner.TestStep.run(TestStep.java:64)\r\n\tat io.cucumber.core.runner.PickleStepTestStep.run(PickleStepTestStep.java:51)\r\n\tat io.cucumber.core.runner.TestCase.run(TestCase.java:104)\r\n\tat io.cucumber.core.runner.Runner.runPickle(Runner.java:73)\r\n\tat io.cucumber.junit.PickleRunners$NoStepDescriptions.run(PickleRunners.java:151)\r\n\tat io.cucumber.junit.FeatureRunner.runChild(FeatureRunner.java:135)\r\n\tat io.cucumber.junit.FeatureRunner.runChild(FeatureRunner.java:27)\r\n\tat org.junit.runners.ParentRunner$4.run(ParentRunner.java:331)\r\n\tat org.junit.runners.ParentRunner$1.schedule(ParentRunner.java:79)\r\n\tat org.junit.runners.ParentRunner.runChildren(ParentRunner.java:329)\r\n\tat org.junit.runners.ParentRunner.access$100(ParentRunner.java:66)\r\n\tat org.junit.runners.ParentRunner$2.evaluate(ParentRunner.java:293)\r\n\tat org.junit.runners.ParentRunner$3.evaluate(ParentRunner.java:306)\r\n\tat org.junit.runners.ParentRunner.run(ParentRunner.java:413)\r\n\tat io.cucumber.junit.Cucumber.runChild(Cucumber.java:200)\r\n\tat io.cucumber.junit.Cucumber.runChild(Cucumber.java:90)\r\n\tat org.junit.runners.ParentRunner$4.run(ParentRunner.java:331)\r\n\tat org.junit.runners.ParentRunner$1.schedule(ParentRunner.java:79)\r\n\tat org.junit.runners.ParentRunner.runChildren(ParentRunner.java:329)\r\n\tat org.junit.runners.ParentRunner.access$100(ParentRunner.java:66)\r\n\tat org.junit.runners.ParentRunner$2.evaluate(ParentRunner.java:293)\r\n\tat io.cucumber.junit.Cucumber$RunCucumber.evaluate(Cucumber.java:235)\r\n\tat org.junit.runners.ParentRunner$3.evaluate(ParentRunner.java:306)\r\n\tat org.junit.runners.ParentRunner.run(ParentRunner.java:413)\r\n\tat org.junit.runner.JUnitCore.run(JUnitCore.java:137)\r\n\tat org.junit.runner.JUnitCore.run(JUnitCore.java:115)\r\n\tat org.junit.vintage.engine.execution.RunnerExecutor.execute(RunnerExecutor.java:42)\r\n\tat org.junit.vintage.engine.VintageTestEngine.executeAllChildren(VintageTestEngine.java:80)\r\n\tat org.junit.vintage.engine.VintageTestEngine.execute(VintageTestEngine.java:72)\r\n\tat org.junit.platform.launcher.core.EngineExecutionOrchestrator.execute(EngineExecutionOrchestrator.java:107)\r\n\tat org.junit.platform.launcher.core.EngineExecutionOrchestrator.execute(EngineExecutionOrchestrator.java:88)\r\n\tat org.junit.platform.launcher.core.EngineExecutionOrchestrator.lambda$execute$0(EngineExecutionOrchestrator.java:54)\r\n\tat org.junit.platform.launcher.core.EngineExecutionOrchestrator.withInterceptedStreams(EngineExecutionOrchestrator.java:67)\r\n\tat org.junit.platform.launcher.core.EngineExecutionOrchestrator.execute(EngineExecutionOrchestrator.java:52)\r\n\tat org.junit.platform.launcher.core.DefaultLauncher.execute(DefaultLauncher.java:114)\r\n\tat org.junit.platform.launcher.core.DefaultLauncher.execute(DefaultLauncher.java:86)\r\n\tat org.junit.platform.launcher.core.DefaultLauncherSession$DelegatingLauncher.execute(DefaultLauncherSession.java:86)\r\n\tat org.junit.platform.launcher.core.SessionPerRequestLauncher.execute(SessionPerRequestLauncher.java:53)\r\n\tat com.intellij.junit5.JUnit5IdeaTestRunner.startRunnerWithArgs(JUnit5IdeaTestRunner.java:71)\r\n\tat com.intellij.rt.junit.IdeaTestRunner$Repeater.startRunnerWithArgs(IdeaTestRunner.java:33)\r\n\tat com.intellij.rt.junit.JUnitStarter.prepareStreamsAndStart(JUnitStarter.java:220)\r\n\tat com.intellij.rt.junit.JUnitStarter.main(JUnitStarter.java:53)\r\nCaused by: java.util.concurrent.TimeoutException\r\n\tat java.base/java.util.concurrent.FutureTask.get(FutureTask.java:204)\r\n\tat com.google.common.util.concurrent.SimpleTimeLimiter.callWithTimeout(SimpleTimeLimiter.java:156)\r\n\tat org.openqa.selenium.net.UrlChecker.waitUntilAvailable(UrlChecker.java:75)\r\n\t... 67 more\r\n",
              "duration": 20015623500,
              "status": "failed"
            },
            "before": [
              {
                "result": {
                  "duration": 999000,
                  "status": "passed"
                },
                "match": {
                  "location": "stepdefinitions.SearchBoxStepDefinition.getInit()"
                }
              }
            ],
            "line": 11,
            "name": "I am at Autozone homepage",
            "match": {
              "location": "stepdefinitions.SearchBoxStepDefinition.i_am_at_autozone_homepage()"
            },
            "after": [
              {
                "result": {
                  "error_message": "java.lang.NullPointerException\r\n\tat stepdefinitions.SearchBoxStepDefinition.tearDown(SearchBoxStepDefinition.java:27)\r\n",
                  "duration": 999100,
                  "status": "failed"
                },
                "match": {
                  "location": "stepdefinitions.SearchBoxStepDefinition.tearDown(io.cucumber.java.Scenario)"
                }
              }
            ],
            "keyword": "Given "
          },
          {
            "result": {
              "status": "skipped"
            },
            "before": [
              {
                "result": {
                  "status": "skipped"
                },
                "match": {
                  "location": "stepdefinitions.SearchBoxStepDefinition.getInit()"
                }
              }
            ],
            "line": 12,
            "name": "I type valid product name in SearchBox",
            "match": {
              "location": "stepdefinitions.SearchBoxStepDefinition.i_type_valid_product_name_in_search_box()"
            },
            "after": [
              {
                "result": {
                  "status": "skipped"
                },
                "match": {
                  "location": "stepdefinitions.SearchBoxStepDefinition.tearDown(io.cucumber.java.Scenario)"
                }
              }
            ],
            "keyword": "And "
          },
          {
            "result": {
              "duration": 999100,
              "status": "skipped"
            },
            "before": [
              {
                "result": {
                  "status": "skipped"
                },
                "match": {
                  "location": "stepdefinitions.SearchBoxStepDefinition.getInit()"
                }
              }
            ],
            "line": 13,
            "name": "I press Enter button on keyboard",
            "match": {
              "location": "stepdefinitions.SearchBoxStepDefinition.i_press_enter_button_on_keyboard()"
            },
            "after": [
              {
                "result": {
                  "status": "skipped"
                },
                "match": {
                  "location": "stepdefinitions.SearchBoxStepDefinition.tearDown(io.cucumber.java.Scenario)"
                }
              }
            ],
            "keyword": "When "
          },
          {
            "result": {
              "status": "skipped"
            },
            "before": [
              {
                "result": {
                  "duration": 999300,
                  "status": "skipped"
                },
                "match": {
                  "location": "stepdefinitions.SearchBoxStepDefinition.getInit()"
                }
              }
            ],
            "line": 14,
            "name": "I am navigated to Search result page",
            "match": {
              "location": "stepdefinitions.SearchBoxStepDefinition.i_am_navigated_to_search_result_page()"
            },
            "after": [
              {
                "result": {
                  "status": "skipped"
                },
                "match": {
                  "location": "stepdefinitions.SearchBoxStepDefinition.tearDown(io.cucumber.java.Scenario)"
                }
              }
            ],
            "keyword": "Then "
          }
        ],
        "tags": [
          {
            "name": "@mamun"
          }
        ]
      }
    ],
    "name": "Autozone searchBox test",
    "description": "",
    "id": "autozone-searchbox-test",
    "keyword": "Feature",
    "uri": "file:src/test/java/features/searchbox.feature",
    "tags": []
  }
]