<?xml version="1.0" encoding="UTF-8" standalone="no"?>
<testsuite errors="0" failures="1" name="io.cucumber.core.plugin.JUnitFormatter" skipped="0" tests="1" time="39.091">
    <testcase classname="Vehicle Make test" name="Click with valid credentials" time="38.276">
        <failure message="Cannot locate an element using xpath=//h2[normalize-space()='Shop By Make']&#10;For documentation on this error, please visit: https://www.seleniumhq.org/exceptions/no_such_element.html&#10;Build info: version: '3.141.59', revision: 'e82be7d358', time: '2018-11-14T08:17:03'&#10;System info: host: 'DESKTOP-V0G74RJ', ip: '192.168.19.1', os.name: 'Windows 10', os.arch: 'amd64', os.version: '10.0', java.version: '11.0.9'&#10;Driver info: driver.version: RemoteWebDriver" type="org.openqa.selenium.NoSuchElementException">
            <![CDATA[Given Im at AutoZone homepage...............................................passed
When I click on vehicle make................................................passed
Then Shop by make is displayed..............................................failed

StackTrace:
org.openqa.selenium.NoSuchElementException: Cannot locate an element using xpath=//h2[normalize-space()='Shop By Make']
For documentation on this error, please visit: https://www.seleniumhq.org/exceptions/no_such_element.html
Build info: version: '3.141.59', revision: 'e82be7d358', time: '2018-11-14T08:17:03'
System info: host: 'DESKTOP-V0G74RJ', ip: '192.168.19.1', os.name: 'Windows 10', os.arch: 'amd64', os.version: '10.0', java.version: '11.0.9'
Driver info: driver.version: RemoteWebDriver
	at org.openqa.selenium.remote.RemoteWebDriver.findElement(RemoteWebDriver.java:327)
	at org.openqa.selenium.remote.RemoteWebDriver.findElementByXPath(RemoteWebDriver.java:428)
	at org.openqa.selenium.By$ByXPath.findElement(By.java:353)
	at org.openqa.selenium.remote.RemoteWebDriver.findElement(RemoteWebDriver.java:315)
	at org.openqa.selenium.support.pagefactory.DefaultElementLocator.findElement(DefaultElementLocator.java:69)
	at org.openqa.selenium.support.pagefactory.internal.LocatingElementHandler.invoke(LocatingElementHandler.java:38)
	at com.sun.proxy.$Proxy26.isDisplayed(Unknown Source)
	at homepage.AutoZoneMethod.checkShopByMake(AutoZoneMethod.java:19)
	at stepdefinitions.AutoZoneStepDefinition.shop_by_make_is_displayed(AutoZoneStepDefinition.java:52)
	at ✽.Shop by make is displayed(file:///C:/Users/Jarin/IdeaProjects/BDDAutomaitonFramework_Team3/Autozone/src/test/java/features/autozonemethod.feature:7)
]]>
        </failure>
    </testcase>
</testsuite>
