<?xml version="1.0" encoding="UTF-8" standalone="no"?>
<testsuite errors="0" failures="1" name="io.cucumber.core.plugin.JUnitFormatter" skipped="0" tests="2" time="12.811">
    <testcase classname="Amazon searchBox test" name="Verify foot note links" time="12.15">
        <system-out>
            <![CDATA[Given I am at Boostmobile homepage..........................................passed
And I click on "Phone Plans" pp.............................................passed
Then I verify that I am on the "Phone Plans" pp page........................passed
]]>
        </system-out>
    </testcase>
    <testcase classname="Amazon searchBox test" name="verify clicking the back button takes you back to the homepage" time="0.05">
        <failure message="Session ID is null. Using WebDriver after calling quit()?&#10;Build info: version: '3.141.59', revision: 'e82be7d358', time: '2018-11-14T08:17:03'&#10;System info: host: 'DESKTOP-40L23IP', ip: '192.168.1.25', os.name: 'Windows 10', os.arch: 'amd64', os.version: '10.0', java.version: '11.0.4'&#10;Driver info: driver.version: RemoteWebDriver" type="org.openqa.selenium.NoSuchSessionException">
            <![CDATA[And I click on "Phone Plans" pp.............................................failed
Then I verify that I am on the "Phone Plans" pp page........................skipped
Then clicking the back button should take me back to the homepage...........skipped

StackTrace:
org.openqa.selenium.NoSuchSessionException: Session ID is null. Using WebDriver after calling quit()?
Build info: version: '3.141.59', revision: 'e82be7d358', time: '2018-11-14T08:17:03'
System info: host: 'DESKTOP-40L23IP', ip: '192.168.1.25', os.name: 'Windows 10', os.arch: 'amd64', os.version: '10.0', java.version: '11.0.4'
Driver info: driver.version: RemoteWebDriver
	at org.openqa.selenium.remote.HttpCommandExecutor.execute(HttpCommandExecutor.java:125)
	at org.openqa.selenium.remote.service.DriverCommandExecutor.execute(DriverCommandExecutor.java:83)
	at org.openqa.selenium.remote.RemoteWebDriver.execute(RemoteWebDriver.java:552)
	at org.openqa.selenium.remote.RemoteWebDriver.findElement(RemoteWebDriver.java:323)
	at org.openqa.selenium.remote.RemoteWebDriver.findElementByXPath(RemoteWebDriver.java:428)
	at org.openqa.selenium.By$ByXPath.findElement(By.java:353)
	at org.openqa.selenium.remote.RemoteWebDriver.findElement(RemoteWebDriver.java:315)
	at org.openqa.selenium.support.pagefactory.DefaultElementLocator.findElement(DefaultElementLocator.java:69)
	at org.openqa.selenium.support.pagefactory.internal.LocatingElementHandler.invoke(LocatingElementHandler.java:38)
	at com.sun.proxy.$Proxy26.click(Unknown Source)
	at homepage.Homepage.clickOnPhonePlan(Homepage.java:64)
	at stepdefinitions.SearchBoxStepDefinition.iClickOnPp(SearchBoxStepDefinition.java:108)
	at ✽.I click on "Phone Plans" pp(file:///C:/Users/Shihab/IdeaProjects/BDDAutomaitonFramework_Team3/Boost_Mobile/src/test/java/features/searchbox.feature:52)
]]>
        </failure>
    </testcase>
</testsuite>
