<?xml version="1.0" encoding="UTF-8" standalone="no"?>
<testsuite errors="0" failures="0" name="io.cucumber.core.plugin.JUnitFormatter" skipped="0" tests="1" time="25.671">
    <testcase classname="Amazon searchBox test" name="Search with valid product name" time="24.679">
        <system-out>
            <![CDATA[Given I am at Boostmobile homepage..........................................passed
And I click on Search.......................................................passed
And I type valid product name in SearchBox..................................passed
When I click on SearchBox button............................................passed
Then I am navigated to Search result page...................................passed
]]>
        </system-out>
    </testcase>
</testsuite>
