<?xml version="1.0" encoding="UTF-8" standalone="no"?>
<testsuite errors="0" failures="0" name="io.cucumber.core.plugin.JUnitFormatter" skipped="0" tests="1" time="15.686">
    <testcase classname="NYPresbyterian functionality testing" name="Scenario 25" time="14.889">
        <system-out>
            <![CDATA[Given I am on www.phs.org...................................................passed
When I click on schedule an urgent care appointment.........................passed
Then I click on about our quality doctors...................................passed
]]>
        </system-out>
    </testcase>
</testsuite>
